Rank: Rank
Player: Prospect
Rank: 1
Player: Chase Young
Draft Status: Declared
Rank: 2
Player: Joe Burrow
Draft Status: Eligible
Rank: 3
Player: Derrick Brown
Draft Status: Eligible
Rank: 4
Player: Justin Herbert
Draft Status: Eligible
Rank: 5
Player: Jerry Jeudy
Draft Status: Declared
Rank: 6
Player: Jeffrey Okudah
Draft Status: Declared
Rank: 7
Player: Isaiah Simmons
Draft Status: Underclassman
Rank: 8
Player: A.J. Epenesa
Draft Status: Underclassman
Rank: 9
Player: Austin Jackson
Draft Status: Underclassman
Rank: 10
Player: Andrew Thomas
Draft Status: Declared
Rank: 11
Player: Kristian Fulton
Draft Status: Eligible
Rank: 12
Player: CeeDee Lamb
Draft Status: Declared
Rank: 13
Player: Tristan Wirfs
Draft Status: Underclassman
Rank: 14
Player: Yetur Gross-Matos
Draft Status: Declared
Rank: 15
Player: Javon Kinlaw
Draft Status: Eligible
Rank: 16
Player: Grant Delpit
Draft Status: Underclassman
Rank: 17
Player: Jedrick Wills
Draft Status: Declared
Rank: 18
Player: Jonathan Taylor
Draft Status: Declared
Rank: 19
Player: Curtis Weaver
Draft Status: Declared
Rank: 20
Player: Tua Tagovailoa
Draft Status: Declared
Rank: 21
Player: Trevon Diggs
Draft Status: Underclassman
Rank: 22
Player: D'Andre Swift
Draft Status: Declared
Rank: 23
Player: Tee Higgins
Draft Status: Underclassman
Rank: 24
Player: Laviska Shenault
Draft Status: Declared
Rank: 25
Player: Henry Ruggs III
Draft Status: Declared
Rank: 26
Player: Tyler Biadasz
Draft Status: Eligible
Rank: 27
Player: C.J. Henderson
Draft Status: Declared
Rank: 28
Player: J.K. Dobbins
Draft Status: Declared
Rank: 29
Player: Cameron Dantzler
Draft Status: Declared
Rank: 30
Player: Anfernee Jennings
Draft Status: Eligible
Rank: 31
Player: Tyler Johnson
Draft Status: Eligible
Rank: 32
Player: Kenneth Murray
Draft Status: Declared
Rank: 33
Player: Travis Etienne
Draft Status: Underclassman
Rank: 34
Player: Trey Adams
Draft Status: Eligible
Rank: 35
Player: Creed Humphrey
Draft Status: Underclassman
Rank: 36
Player: Xavier McKinney
Draft Status: Declared
Rank: 37
Player: Prince Tega Wanogho
Draft Status: Eligible
Rank: 38
Player: Jake Fromm
Draft Status: Declared
Rank: 39
Player: Jalen Reagor
Draft Status: Declared
Rank: 40
Player: Albert Okwuegbunam
Draft Status: Declared
Rank: 41
Player: Bryce Hall
Draft Status: Eligible
Rank: 42
Player: Jake Hanson
Draft Status: Eligible
Rank: 43
Player: Troy Dye
Draft Status: Eligible
Rank: 44
Player: Justin Madubuike
Draft Status: Declared
Rank: 45
Player: Jalen Hurts
Draft Status: Eligible
Rank: 47
Player: Paulson Adebo
Draft Status: Underclassman
Rank: 48
Player: Josh Jones
Draft Status: Eligible
Rank: 49
Player: James Lynch
Draft Status: Underclassman
Rank: 50
Player: Mekhi Becton
Draft Status: Declared
Rank: 51
Player: K'Lavon Chaisson
Draft Status: Underclassman
Rank: 52
Player: Brycen Hopkins
Draft Status: Eligible
Rank: 53
Player: Justin Jefferson
Draft Status: Underclassman
Rank: 54
Player: Nick Harris
Draft Status: Eligible
Rank: 55
Player: Terrell Lewis
Draft Status: Declared
Rank: 56
Player: Rashard Lawrence
Draft Status: Eligible
Rank: 57
Player: Michael Pittman Jr.
Draft Status: Eligible
Rank: 59
Player: A.J. Terrell
Draft Status: Underclassman
Rank: 60
Player: Raekwon Davis
Draft Status: Eligible
Rank: 61
Player: Jordyn Brooks
Draft Status: Eligible
Rank: 62
Player: Malik Harrison
Draft Status: Eligible
Rank: 63
Player: Davon Hamilton
Draft Status: Eligible
Rank: 64
Player: Jacob Eason
Draft Status: Declared
Rank: 65
Player: Logan Stenberg
Draft Status: Eligible
Rank: 66
Player: Hamsah Nasirildeen
Draft Status: Underclassman
Rank: 67
Player: Julian Okwara
Draft Status: Eligible
Rank: 68
Player: Lucas Niang
Draft Status: Eligible
Rank: 69
Player: Zack Baun
Draft Status: Eligible
Rank: 70
Player: Hakeem Adeniji
Draft Status: Eligible
Rank: 71
Player: K.J. Hamler
Draft Status: Declared
Rank: 72
Player: Marlon Davidson
Draft Status: Eligible
Rank: 73
Player: Jeff Gladney
Draft Status: Eligible
Rank: 74
Player: Collin Johnson
Draft Status: Eligible
Rank: 75
Player: Jaylon Johnson
Draft Status: Declared
Rank: 76
Player: Tyler Huntley
Draft Status: Eligible
Rank: 77
Player: Donovan Peoples-Jones
Draft Status: Declared
Rank: 78
Player: Frederick Mauigoa
Draft Status: Eligible
Rank: 79
Player: Chris Orr
Draft Status: Eligible
Rank: 80
Player: Cam Akers
Draft Status: Declared
Rank: 81
Player: Darrell Taylor
Draft Status: Eligible
Rank: 82
Player: Ashtyn Davis
Draft Status: Eligible
Rank: 83
Player: Deommodore Lenoir
Draft Status: Eligible
Rank: 84
Player: Netane Muti
Draft Status: Declared
Rank: 85
Player: Shyheim Carter
Draft Status: Eligible
Rank: 86
Player: Najee Harris
Draft Status: Underclassman
Rank: 87
Player: Antoine Winfield Jr.
Draft Status: Declared
Rank: 88
Player: Jacob Phillips
Draft Status: Underclassman
Rank: 89
Player: Brandon Jones
Draft Status: Eligible
Rank: 90
Player: Tedarrell Slaton
Draft Status: Underclassman
Rank: 91
Player: Leki Fotu
Draft Status: Eligible
Rank: 92
Player: Darryl Williams
Draft Status: Eligible
Rank: 93
Player: Jacob Breeland
Draft Status: Eligible
Rank: 94
Player: Joe Gaziano
Draft Status: Eligible
Rank: 95
Player: Brandon Aiyuk
Draft Status: Eligible
Rank: 96
Player: Josh Uche
Draft Status: Declared
Rank: 97
Player: Jonathan Greenard
Draft Status: Eligible
Rank: 98
Player: Aaron Fuller
Draft Status: Eligible
Rank: 99
Player: Kenny Willekes
Draft Status: Eligible
Rank: 100
Player: Trevis Gipson
Draft Status: Eligible
Rank: Rank
Player: Prospect
Rank: 101
Player: Larrell Murchison
Draft Status: Eligible
Rank: 102
Player: Calvin Throckmorton
Draft Status: Eligible
Rank: 103
Player: Deonte Brown
Draft Status: Underclassman
Rank: 104
Player: Neville Gallimore
Draft Status: Eligible
Rank: 105
Player: Evan Weaver
Draft Status: Eligible
Rank: 106
Player: Bradlee Anae
Draft Status: Eligible
Rank: 107
Player: Jordan Elliott
Draft Status: Declared
Rank: 108
Player: Alex Highsmith
Draft Status: Eligible
Rank: 109
Player: McTelvin Agim
Draft Status: Eligible
Rank: 110
Player: Lamar Jackson
Draft Status: Eligible
Rank: 111
Player: Anthony Gordon
Draft Status: Eligible
Rank: 112
Player: K'Von Wallace
Draft Status: Eligible
Rank: 113
Player: Jordan Mack
Draft Status: Eligible
Rank: 114
Player: Dele Harding
Draft Status: Eligible
Rank: 115
Player: Yasir Durant
Draft Status: Eligible
Rank: 116
Player: Zack Moss
Draft Status: Eligible
Rank: 117
Player: Hunter Bryant
Draft Status: Eligible
Rank: 118
Player: Cole Kmet
Draft Status: Declared
Rank: 119
Player: Jordan Love
Draft Status: Declared
Rank: 120
Player: Kylin Hill
Draft Status: Declared
Rank: 121
Player: Raequan Williams
Draft Status: Eligible
Rank: 122
Player: Clyde Edwards-Helaire
Draft Status: Underclassman
Rank: 123
Player: Khalid Kareem
Draft Status: Eligible
Rank: 124
Player: Jabari Zuniga
Draft Status: Eligible
Rank: 125
Player: Kevin Jarvis
Draft Status: Underclassman
Rank: 126
Player: T.J. McCoy
Draft Status: Eligible
Rank: 127
Player: John Hightower
Draft Status: Eligible
Rank: 128
Player: Devin Duvernay
Draft Status: Eligible
Rank: 129
Player: Richie Grant
Draft Status: Underclassman
Rank: 130
Player: Joe Bachie
Draft Status: Eligible
Rank: 131
Player: Damon Arnette
Draft Status: Eligible
Rank: 132
Player: K.J. Hill
Draft Status: Eligible
Rank: 134
Player: Lloyd Cushenberry
Draft Status: Underclassman
Rank: 135
Player: Lamical Perine
Draft Status: Eligible
Rank: 136
Player: Jonah Jackson
Draft Status: Eligible
Rank: 137
Player: Shaquille Quarterman
Draft Status: Eligible
Rank: 138
Player: Oluwole Betiku
Draft Status: Underclassman
Rank: 139
Player: Kyle Dugger
Draft Status: Eligible
Rank: 140
Player: Antonio Gandy-Golden
Draft Status: Eligible
Rank: 141
Player: Lavert Hill
Draft Status: Eligible
Rank: 142
Player: Michael Ojemudia
Draft Status: Eligible
Rank: 143
Player: Antoine Brooks Jr.
Draft Status: Eligible
Rank: 144
Player: Darnay Holmes
Draft Status: Declared
Rank: 145
Player: Cam Brown
Draft Status: Eligible
Rank: 146
Player: Denzel Mims
Draft Status: Eligible
Rank: 147
Player: Levante Bellamy
Draft Status: Eligible
Rank: 148
Player: Reggie Robinson II
Draft Status: Eligible
Rank: 149
Player: Benito Jones
Draft Status: Eligible
Rank: 150
Player: Brendon Hayes
Draft Status: Eligible
Rank: 151
Player: Robert Hunt
Draft Status: Eligible
Rank: 152
Player: Rayshard Ashby
Draft Status: Underclassman
Rank: 153
Player: Trevon Hill
Draft Status: Eligible
Rank: 154
Player: Ke'Shawn Vaughn
Draft Status: Eligible
Rank: 155
Player: John Simpson
Draft Status: Eligible
Rank: 156
Player: Keandre Jones
Draft Status: Eligible
Rank: 157
Player: Luq Barcoo
Draft Status: Eligible
Rank: 158
Player: Matt Hennessy
Draft Status: Declared
Rank: 159
Player: D.J. Wonnum
Draft Status: Eligible
Rank: 160
Player: Zack Shackelford
Draft Status: Eligible
Rank: 161
Player: Alton Robinson
Draft Status: Eligible
Rank: 162
Player: A.J. Dillon
Draft Status: Declared
Rank: 163
Player: James Proche
Draft Status: Eligible
Rank: 164
Player: Juwuan Jones
Draft Status: Underclassman
Rank: 165
Player: Eno Benjamin
Draft Status: Declared
Rank: 166
Player: Ben Cleveland
Draft Status: Underclassman
Rank: 167
Player: Essang Bassey
Draft Status: Eligible
Rank: 168
Player: Amik Robertson
Draft Status: Declared
Rank: 169
Player: Monty Rice
Draft Status: Underclassman
Rank: 170
Player: Anthony McFarland Jr.
Draft Status: Declared
Rank: 171
Player: Delontae Scott
Draft Status: Eligible
Rank: 172
Player: Caleb Huntley
Draft Status: Underclassman
Rank: 173
Player: Gerold Bright
Draft Status: Eligible
Rank: 174
Player: Terence Steele
Draft Status: Eligible
Rank: 175
Player: Damien Lewis
Draft Status: Eligible
Rank: 176
Player: Terrell Burgess
Draft Status: Eligible
Rank: 177
Player: Colby Parkinson
Draft Status: Declared
Rank: 178
Player: LaDarius Hamilton
Draft Status: Eligible
Rank: 179
Player: Benning Potoa'e
Draft Status: Eligible
Rank: 180
Player: Isaiah Hodgins
Draft Status: Declared
Rank: 181
Player: Shane Buechele
Draft Status: Underclassman
Rank: 182
Player: Michael Pinckney
Draft Status: Eligible
Rank: 183
Player: Jashon Cornell
Draft Status: Eligible
Rank: 184
Player: Alohi Gilman
Draft Status: Declared
Rank: 185
Player: Ross Blacklock
Draft Status: Declared
Rank: 186
Player: Saahdiq Charles
Draft Status: Underclassman
Rank: 187
Player: Michael Onwenu
Draft Status: Eligible
Rank: 188
Player: Jace Whittaker
Draft Status: Eligible
Rank: 189
Player: Kellen Mond
Draft Status: Underclassman
Rank: 190
Player: Kenny Cooper
Draft Status: Eligible
Rank: 191
Player: Jonathan Garvin
Draft Status: Declared
Rank: 192
Player: Bryan Edwards
Draft Status: Eligible
Rank: 193
Player: Ben Bartch
Draft Status: Eligible
Rank: 194
Player: J.R. Reed
Draft Status: Eligible
Rank: 195
Player: Mustafa Johnson
Draft Status: Eligible
Rank: 196
Player: John Molchon
Draft Status: Eligible
Rank: 197
Player: Harrison Bryant
Draft Status: Eligible
Rank: 198
Player: Geno Stone
Draft Status: Declared
Rank: 199
Player: Joseph Charlton
Draft Status: Eligible
Rank: 200
Player: Anthony Hines
Draft Status: Underclassman
Rank: Rank
Player: Prospect
Rank: 201
Player: Simon Stepaniak
Draft Status: Eligible
Rank: 202
Player: Julian Blackmon
Draft Status: Eligible
Rank: 203
Player: Akeem Davis-Gaither
Draft Status: Eligible
Rank: 204
Player: Chauncey Rivers
Draft Status: Eligible
Rank: 205
Player: Quintez Cephus
Draft Status: Declared
Rank: 206
Player: Carter Coughlin
Draft Status: Eligible
Rank: 207
Player: Gabriel Davis
Draft Status: Declared
Rank: 208
Player: Michael Warren II
Draft Status: Underclassman
Rank: 209
Player: Stanford Samuels III
Draft Status: Declared
Rank: 210
Player: Tyler Clark
Draft Status: Eligible
Rank: 211
Player: Bravvion Roy
Draft Status: Eligible
Rank: 212
Player: Khalil Davis
Draft Status: Eligible
Rank: 213
Player: Shea Patterson
Draft Status: Eligible
Rank: 214
Player: Ifeanyi Maijeh
Draft Status: Underclassman
Rank: 215
Player: Chase Claypool
Draft Status: Eligible
Rank: 216
Player: Jared Pinkney
Draft Status: Declared
Rank: 217
Player: Benning Potoae
Draft Status: Eligible
Rank: 218
Player: Jay Tufele
Draft Status: Underclassman
Rank: 219
Player: Dominik Eberle
Draft Status: Eligible
Rank: 220
Player: Jahad Woods
Draft Status: Underclassman
Rank: 221
Player: Darrion Daniels
Draft Status: Eligible
Rank: 222
Player: Kamal Martin
Draft Status: Eligible
Rank: 223
Player: Glen Logan
Draft Status: Underclassman
Rank: 224
Player: Jessie Lemonier
Draft Status: Eligible
Rank: 225
Player: Tommy Townsend
Draft Status: Eligible
Rank: 226
Player: Levonta Taylor
Draft Status: Eligible
Rank: 227
Player: Bryce Perkins
Draft Status: Eligible
Rank: 228
Player: Tipa Galeai
Draft Status: Eligible
Rank: 229
Player: Matt Peart
Draft Status: Eligible
Rank: 230
Player: Darrynton Evans
Draft Status: Declared
Rank: 231
Player: Trystan Colon-Castillo
Draft Status: Declared
Rank: 232
Player: Carlos Davis
Draft Status: Eligible
Rank: 233
Player: Patrick Queen
Draft Status: Underclassman
Rank: 234
Player: David Woodward
Draft Status: Declared
Rank: 235
Player: Adam Trautman
Draft Status: Eligible
Rank: 236
Player: Tanner Muse
Draft Status: Eligible
Rank: 237
Player: Trey Sermon
Draft Status: Underclassman
Rank: 238
Player: Kendrick Rogers
Draft Status: Declared
Rank: 239
Player: Sean Pollard
Draft Status: Eligible
Rank: 240
Player: Sterling Hofrichter
Draft Status: Eligible
Rank: 241
Player: Jeremy Chinn
Draft Status: Eligible
Rank: 242
Player: Aaron Robinson
Draft Status: Underclassman
Rank: 243
Player: Kalija Lipscomb
Draft Status: Eligible
Rank: 244
Player: Javon Leake
Draft Status: Declared
Rank: 245
Player: Jeremiah Dinson
Draft Status: Eligible
Rank: 246
Player: Dontavious Jackson
Draft Status: Eligible
Rank: 247
Player: Devin Asiasi
Draft Status: Declared
Rank: 248
Player: Tavien Feaster
Draft Status: Eligible
Rank: 249
Player: DeAngelo Malone
Draft Status: Underclassman
Rank: 250
Player: J.J. Taylor
Draft Status: Eligible
Rank: 251
Player: Khaleke Hudson
Draft Status: Eligible
Rank: 252
Player: Mike Hampton
Draft Status: Underclassman
Rank: 253
Player: Dwayne Johnson Jr.
Draft Status: Underclassman
Rank: 254
Player: Robert Windsor
Draft Status: Eligible
Rank: 255
Player: Tre Walker
Draft Status: Underclassman
Rank: 256
Player: Mohamed Barry
Draft Status: Eligible
Rank: 257
Player: Joshua Kelley
Draft Status: Eligible
Rank: 258
Player: Nick Coe
Draft Status: Declared
Rank: 259
Player: Connor Slomka
Draft Status: Eligible
Rank: 260
Player: Luke Campbell
Draft Status: Underclassman
Rank: 262
Player: Salvon Ahmed
Draft Status: Declared
Rank: 263
Player: Treshaun Hayward
Draft Status: Underclassman
Rank: 264
Player: Reggie Corbin
Draft Status: Underclassman
Rank: 265
Player: T.J. Carter
Draft Status: Underclassman
Rank: 266
Player: Braden Mann
Draft Status: Eligible
Rank: 267
Player: Kendall Coleman
Draft Status: Eligible
Rank: 268
Player: Darius Anderson
Draft Status: Eligible
Rank: 269
Player: Josiah Deguara
Draft Status: Eligible
Rank: 270
Player: Charleston Rambo
Draft Status: Underclassman
Rank: 271
Player: Tommy Kraemer
Draft Status: Eligible
Rank: 272
Player: Kamren Curl
Draft Status: Declared
Rank: 273
Player: William Bradley-King
Draft Status: Underclassman
Rank: 274
Player: Nate Stanley
Draft Status: Eligible
Rank: 275
Player: Chase Allen
Draft Status: Eligible
Rank: 276
Player: Jordan Smith
Draft Status: Underclassman
Rank: 277
Player: Keith Ismael
Draft Status: Declared
Rank: 278
Player: A.J. Green
Draft Status: Eligible
Rank: 279
Player: Krys Barnes
Draft Status: Underclassman
Rank: 280
Player: Kylan Johnson
Draft Status: Eligible
Rank: 281
Player: Joe Reed
Draft Status: Eligible
Rank: 282
Player: Rodrigo Blankenship
Draft Status: Eligible
Rank: 283
Player: Rodney Smith
Draft Status: Eligible
Rank: 284
Player: Ty Chandler
Draft Status: Underclassman
Rank: 285
Player: Casey Toohill
Draft Status: Eligible
Rank: 286
Player: John Houston Jr.
Draft Status: Eligible
Rank: 287
Player: Antwon Kincade
Draft Status: Underclassman
Rank: 288
Player: DeMarkus Acy
Draft Status: Eligible
Rank: 289
Player: Scott Frantz
Draft Status: Eligible
Rank: 290
Player: Sean Adesanya
Draft Status: Eligible
Rank: 291
Player: Jeff Thomas
Draft Status: Declared
Rank: 292
Player: Myles Dorn
Draft Status: Eligible
Rank: 293
Player: Willie Gay Jr.
Draft Status: Declared
Rank: 294
Player: Mike Panasiuk
Draft Status: Eligible
Rank: 295
Player: Tony Jones Jr.
Draft Status: Declared
Rank: 296
Player: Van Jefferson
Draft Status: Eligible
Rank: 297
Player: Jordon Scott
Draft Status: Underclassman
Rank: 298
Player: Jack Freudenthal
Draft Status: Eligible
Rank: 299
Player: Easop Winston Jr.
Draft Status: Eligible
Rank: 300
Player: Darius Bradwell
Draft Status: Eligible
Rank: Rank
Player: Prospect
Rank: 301
Player: Jason Strowbridge
Draft Status: Eligible
Rank: 302
Player: Tomon Fox
Draft Status: Underclassman
Rank: 303
Player: Benny LeMay
Draft Status: Eligible
Rank: 304
Player: Garrett Marino
Draft Status: Eligible
Rank: 305
Player: Travion Banks
Draft Status: Eligible
Rank: 306
Player: Xavier Jones
Draft Status: Eligible
Rank: 307
Player: Logan Wilson
Draft Status: Eligible
Rank: 308
Player: Jared Rice
Draft Status: Eligible
Rank: 309
Player: Adrian Killins Jr.
Draft Status: Eligible
Rank: 310
Player: Lakiem Williams
Draft Status: Eligible
Rank: 311
Player: Jet Toner
Draft Status: Eligible
Rank: 312
Player: David Reese II
Draft Status: Eligible
Rank: 313
Player: Cole McDonald
Draft Status: Declared
Rank: 314
Player: Luke Farrell
Draft Status: Eligible
Rank: 315
Player: Eric Lee Jr.
Draft Status: Eligible
Rank: 316
Player: Broderick Washington Jr.
Draft Status: Eligible
Rank: 317
Player: Breiden Fehoko
Draft Status: Eligible
Rank: 318
Player: Marquez Callaway
Draft Status: Eligible
Rank: 319
Player: Cheyenne O'Grady
Draft Status: Eligible
Rank: 320
Player: Robert Landers
Draft Status: Eligible
Rank: 321
Player: George Lea
Draft Status: Eligible
Rank: 322
Player: Kelton Moore
Draft Status: Eligible
Rank: 323
Player: Mitchell Wilcox
Draft Status: Eligible
Rank: 324
Player: Marcel Spears Jr.
Draft Status: Eligible
Rank: 325
Player: Jon Runyan
Draft Status: Eligible
Rank: 326
Player: Tyler Vaughns
Draft Status: Underclassman
Rank: 327
Player: Steven Montez
Draft Status: Eligible
Rank: 328
Player: Thomas Graham Jr.
Draft Status: Underclassman
Rank: 329
Player: Cesar Ruiz
Draft Status: Declared
Rank: 330
Player: John Penisini
Draft Status: Eligible
Rank: 331
Player: Janarius Robinson
Draft Status: Underclassman
Rank: 332
Player: Logan Justus
Draft Status: Eligible
Rank: 333
Player: Alex Taylor
Draft Status: Eligible
Rank: 334
Player: Cedric Byrd II
Draft Status: Eligible
Rank: 335
Player: Justin Strnad
Draft Status: Eligible
Rank: 336
Player: DeeJay Dallas
Draft Status: Declared
Rank: 337
Player: Josiah Scott
Draft Status: Declared
Rank: 338
Player: Tra Minter
Draft Status: Underclassman
Rank: 339
Player: Kary Vincent Jr.
Draft Status: Underclassman
Rank: 340
Player: Doug Costin
Draft Status: Eligible
Rank: 341
Player: Greg Eiland
Draft Status: Underclassman
Rank: 342
Player: Kendall Futrell
Draft Status: Eligible
Rank: 343
Player: Bryce Huff
Draft Status: Eligible
Rank: 344
Player: Nigel Warrior
Draft Status: Eligible
Rank: 345
Player: Michael Pitts
Draft Status: Underclassman
Rank: 346
Player: Harrison Hand
Draft Status: Declared
Rank: 347
Player: Josiah Coatney
Draft Status: Eligible
Rank: 348
Player: Troy Pride Jr.
Draft Status: Eligible
Rank: 349
Player: Jaquarius Landrews
Draft Status: Eligible
Rank: 350
Player: Malcolm Roach
Draft Status: Eligible
Rank: 351
Player: Larry Rountree III
Draft Status: Underclassman
Rank: 352
Player: Francis Bernard
Draft Status: Eligible
Rank: 353
Player: Noah Gray
Draft Status: Underclassman
Rank: 355
Player: De'Jon Harris
Draft Status: Eligible
Rank: 356
Player: Jordan Williams
Draft Status: Underclassman
Rank: 357
Player: Daniel Bituli
Draft Status: Eligible
Rank: 358
Player: Quartney Davis
Draft Status: Declared
Rank: 359
Player: Patrick Taylor Jr.
Draft Status: Eligible
Rank: 360
Player: Shaun Bradley
Draft Status: Eligible
Rank: 361
Player: Keisean Lucier-South
Draft Status: Eligible
Rank: 362
Player: Artavis Pierce
Draft Status: Eligible
Rank: 363
Player: Christian Rector
Draft Status: Eligible
Rank: 364
Player: Cohl Cabral
Draft Status: Eligible
Rank: 365
Player: Mike Danna
Draft Status: Eligible
Rank: 366
Player: Chad Smith
Draft Status: Eligible
Rank: 367
Player: Tyler Shelvin
Draft Status: Underclassman
Rank: 368
Player: Carlo Kemp
Draft Status: Eligible
Rank: 369
Player: Tae Crowder
Draft Status: Eligible
Rank: 370
Player: T.J. Brunson
Draft Status: Eligible
Rank: 371
Player: Frankie Hickson
Draft Status: Eligible
Rank: 372
Player: LeDarius Mack
Draft Status: Eligible
Rank: 373
Player: Rashad Robinson
Draft Status: Eligible
Rank: 374
Player: Charles Williams
Draft Status: Underclassman
Rank: 375
Player: John Lako
Draft Status: Eligible
Rank: 376
Player: Teair Tart
Draft Status: Eligible
Rank: 377
Player: Juwan Johnson
Draft Status: Eligible
Rank: 378
Player: Dalton Keene
Draft Status: Underclassman
Rank: 379
Player: David Dowell
Draft Status: Eligible
Rank: 380
Player: Cade Carney
Draft Status: Eligible
Rank: 381
Player: Mykal Walker
Draft Status: Eligible
Rank: 382
Player: Nyles Pinckney
Draft Status: Eligible
Rank: 383
Player: Bryan London II
Draft Status: Eligible
Rank: 384
Player: Scottie Phillips
Draft Status: Eligible
Rank: 385
Player: Dane Jackson
Draft Status: Eligible
Rank: 386
Player: Chapelle Russell
Draft Status: Eligible
Rank: 387
Player: Mason Fine
Draft Status: Eligible
Rank: 388
Player: Colton McKivitz
Draft Status: Eligible
Rank: 389
Player: Tyler Higby
Draft Status: Eligible
Rank: 390
Player: Juwan Washington
Draft Status: Eligible
Rank: 391
Player: Josh Metellus
Draft Status: Eligible
Rank: 392
Player: James Gilbert
Draft Status: Eligible
Rank: 393
Player: Moe Neal
Draft Status: Eligible
Rank: 394
Player: Jan Johnson
Draft Status: Eligible
Rank: 395
Player: Javelin Guidry
Draft Status: Declared
Rank: 396
Player: Chris Williamson
Draft Status: Eligible
Rank: 397
Player: Zach Robertson
Draft Status: Eligible
Rank: 398
Player: Jauan Jennings
Draft Status: Eligible
Rank: 399
Player: Mark Gilbert
Draft Status: Underclassman
Rank: 400
Player: Khalil Brooks
Draft Status: Eligible
Rank: Rank
Player: Prospect
Rank: 401
Player: Cedric Wilcots II
Draft Status: Eligible
Rank: 402
Player: Cale Garrett
Draft Status: Eligible
Rank: 403
Player: Jeffrey McCulloch
Draft Status: Eligible
Rank: 404
Player: Jamario Bell
Draft Status: Eligible
Rank: 405
Player: Reggie Walker
Draft Status: Eligible
Rank: 406
Player: Blake Gillikin
Draft Status: Eligible
Rank: 407
Player: Jordan Johnson
Draft Status: Eligible
Rank: 408
Player: Kyahva Tezino
Draft Status: Eligible
Rank: 409
Player: Jake Verity
Draft Status: Eligible
Rank: 410
Player: Sage Lewis
Draft Status: Eligible
Rank: 411
Player: Myles Bryant
Draft Status: Eligible
Rank: 412
Player: Kennedy McKoy
Draft Status: Eligible
Rank: 413
Player: Tre'Vour Wallace-Simms
Draft Status: Eligible
Rank: 414
Player: Mosese Fifita
Draft Status: Eligible
Rank: 415
Player: Lynn Bowden Jr.
Draft Status: Declared
Rank: 416
Player: Sean McKeon
Draft Status: Eligible
Rank: 417
Player: Steven Gonzalez
Draft Status: Eligible
Rank: 418
Player: Fletcher Adams
Draft Status: Eligible
Rank: 419
Player: Jalen Elliott
Draft Status: Eligible
Rank: 420
Player: Karamo Dioubate
Draft Status: Eligible
Rank: 421
Player: Keith Taylor
Draft Status: Underclassman
Rank: 422
Player: Leo Lewis
Draft Status: Eligible
Rank: 423
Player: Javahn Ferguson
Draft Status: Eligible
Rank: 424
Player: Evin Ksiezarczyk
Draft Status: Eligible
Rank: 425
Player: Jesse Osuna
Draft Status: Eligible
Rank: 426
Player: Kyle Markway
Draft Status: Declared
Rank: 427
Player: Dan Moore
Draft Status: Underclassman
Rank: 428
Player: James Smith-Williams
Draft Status: Eligible
Rank: 429
Player: Xavier Kelly
Draft Status: Underclassman
Rank: 430
Player: Nevelle Clarke
Draft Status: Eligible
Rank: 431
Player: Marcus Norman
Draft Status: Eligible
Rank: 432
Player: Binjimen Victor
Draft Status: Eligible
Rank: 433
Player: Marvin Kinsey Jr.
Draft Status: Eligible
Rank: 434
Player: J.D. Spielman
Draft Status: Underclassman
Rank: 435
Player: Nate Evans
Draft Status: Eligible
Rank: 436
Player: Greg Eisworth
Draft Status: Underclassman
Rank: 437
Player: Marcus Keyes
Draft Status: Eligible
Rank: 438
Player: Jordan Fuller
Draft Status: Eligible
Rank: 439
Player: Asmar Bilal
Draft Status: Eligible
Rank: 440
Player: Noah Togiai
Draft Status: Eligible
Rank: 441
Player: Tyrie Cleveland
Draft Status: Eligible
Rank: 442
Player: Richie Worship
Draft Status: Eligible
Rank: 443
Player: Isaiah Zuber
Draft Status: Eligible
Rank: 444
Player: Brady White
Draft Status: Underclassman
Rank: 445
Player: Joey Magnifico
Draft Status: Eligible
Rank: 446
Player: Ray Lima
Draft Status: Eligible
Rank: 447
Player: John Reid
Draft Status: Eligible
Rank: 448
Player: Theo Majette
Draft Status: Eligible
Rank: 449
Player: Brian Lewerke
Draft Status: Eligible
Rank: 450
Player: Isaiah Wright
Draft Status: Eligible
Rank: 451
Player: Dante Olson
Draft Status: Eligible
Rank: 452
Player: James Pierre
Draft Status: Declared
Rank: 453
Player: Jonathan Ward
Draft Status: Eligible
Rank: 454
Player: Luke Juriga
Draft Status: Eligible
Rank: 455
Player: Levi Brown
Draft Status: Eligible
Rank: 456
Player: Raymond Calais
Draft Status: Eligible
Rank: 457
Player: Jonathan Song
Draft Status: Eligible
Rank: 458
Player: JaMycal Hasty
Draft Status: Eligible
Rank: 459
Player: Spencer Brown
Draft Status: Underclassman
Rank: 460
Player: Giovanni Ricci
Draft Status: Eligible
Rank: 461
Player: Davion Taylor
Draft Status: Eligible
Rank: 462
Player: Mekhi Brown
Draft Status: Eligible
Rank: 463
Player: Michael Turk
Draft Status: Declared
Rank: 464
Player: Jake Luton
Draft Status: Eligible
Rank: 465
Player: B.J. Smith
Draft Status: Eligible
Rank: 466
Player: Reggie Floyd
Draft Status: Eligible
Rank: 467
Player: Nick Westbrook
Draft Status: Eligible
Rank: 468
Player: Art Thompkins
Draft Status: Eligible
Rank: 469
Player: Jason Huntley
Draft Status: Eligible
Rank: 470
Player: Gus Lavaka
Draft Status: Eligible
Rank: 471
Player: Johnathon Johnson
Draft Status: Eligible
Rank: 472
Player: Marquel Harrell
Draft Status: Eligible
Rank: 473
Player: Kesean Strong
Draft Status: Eligible
Rank: 474
Player: Nick Bowers
Draft Status: Eligible
Rank: 475
Player: Trajan Bandy
Draft Status: Declared
Rank: 476
Player: Matt Seybert
Draft Status: Eligible
Rank: 477
Player: Cooper Edmiston
Draft Status: Eligible
Rank: 478
Player: Paul Lucas
Draft Status: Eligible
Rank: 479
Player: Perry Young
Draft Status: Eligible
Rank: 480
Player: Lawrence Cager
Draft Status: Eligible
Rank: 481
Player: Christian Gibson
Draft Status: Eligible
Rank: 482
Player: K.J. Osborn
Draft Status: Eligible
Rank: 483
Player: Clay Johnston
Draft Status: Eligible
Rank: 484
Player: Kiel Pollard
Draft Status: Eligible
Rank: 485
Player: Trishton Jackson
Draft Status: Declared
Rank: 486
Player: Simon Bingelis
Draft Status: Eligible
Rank: 487
Player: Ben Petrula
Draft Status: Underclassman
Rank: 488
Player: Jay Jay Wilson
Draft Status: Eligible
Rank: 489
Player: Curtis Robinson
Draft Status: Eligible
Rank: 490
Player: Najee Clayton
Draft Status: Eligible
Rank: 491
Player: Matt Womack
Draft Status: Eligible
Rank: 492
Player: Charlie Woerner
Draft Status: Eligible
Rank: 493
Player: Jalen Price
Draft Status: Eligible
Rank: 494
Player: Corey Dauphine
Draft Status: Eligible
Rank: 495
Player: Jordan Cronkrite
Draft Status: Eligible
Rank: 496
Player: Andrew Dickinson
Draft Status: Eligible
Rank: 497
Player: Omar Bayless
Draft Status: Eligible
Rank: 498
Player: Khalil Herbert
Draft Status: Eligible
Rank: 499
Player: Ricky DeBerry
Draft Status: Eligible
Rank: 500
Player: Justin Polu
Draft Status: Eligible
