Rank: Rank
Player: Prospect
Rank: 1
Player: Tua Tagovailoa
Rank: 2
Player: Chase Young
Rank: 3
Player: Grant Delpit
Rank: 4
Player: Justin Herbert
Rank: 5
Player: Jerry Jeudy
Rank: 6
Player: Andrew Thomas
Rank: 7
Player: A.J. Epenesa
Rank: 8
Player: Trey Adams
Rank: 9
Player: Alaric Jackson
Rank: 10
Player: Laviska Shenault
Rank: 11
Player: C.J. Henderson
Rank: 12
Player: Jake Fromm
Rank: 13
Player: Yetur Gross-Matos
Rank: 14
Player: Derrick Brown
Rank: 15
Player: Calvin Throckmorton
Rank: 16
Player: Raekwon Davis
Rank: 17
Player: Isaiah Simmons
Rank: 18
Player: Kristian Fulton
Rank: 19
Player: Bryce Hall
Rank: 20
Player: Tyler Biadasz
Rank: 21
Player: Henry Ruggs III
Rank: 22
Player: Travis Etienne
Rank: 23
Player: Troy Dye
Rank: 24
Player: CeeDee Lamb
Rank: 25
Player: Terrell Lewis
Rank: 26
Player: Jeffrey Okudah
Rank: 27
Player: Nick Coe
Rank: 28
Player: Jonathan Taylor
Rank: 29
Player: Javon Kinlaw
Rank: 30
Player: Jalen Reagor
Rank: 31
Player: Xavier McKinney
Rank: 32
Player: D'Andre Swift
Rank: 33
Player: Tee Higgins
Rank: 34
Player: Tylan Wallace
Rank: 35
Player: Trevon Diggs
Rank: 36
Player: Tristan Wirfs
Rank: 37
Player: Ashtyn Davis
Rank: 38
Player: Malik Harrison
Rank: 39
Player: Joe Burrow
Rank: 40
Player: J.K. Dobbins
Rank: 41
Player: Darryl Williams
Rank: 42
Player: Curtis Weaver
Rank: 43
Player: Jacob Eason
Rank: 44
Player: Alex Leatherwood
Rank: 45
Player: Jacob Phillips
Rank: 46
Player: Albert Okwuegbunam
Rank: 47
Player: Shaquille Quarterman
Rank: 48
Player: Ben Bredeson
Rank: 49
Player: Lloyd Cushenberry
Rank: 50
Player: Collin Johnson
Rank: 51
Player: T.J. Vasher
Rank: 52
Player: Solomon Kindley
Rank: 53
Player: Kenny Willekes
Rank: 54
Player: Anfernee Jennings
Rank: 55
Player: Jacob Breeland
Rank: 56
Player: Prince Tega Wanogho
Rank: 57
Player: Rashard Lawrence
Rank: 58
Player: Richard LeCounte
Rank: 59
Player: Jaylon Johnson
Rank: 60
Player: K.J. Hill
Rank: 61
Player: Tommy Kraemer
Rank: 62
Player: Justin Madubuike
Rank: 63
Player: Brandon Jones
Rank: 64
Player: Steven Montez
Rank: 65
Player: Yasir Durant
Rank: 66
Player: A.J. Terrell
Rank: 67
Player: Chuba Hubbard
Rank: 68
Player: Nick Harris
Rank: 69
Player: Cam Akers
Rank: 70
Player: Alohi Gilman
Rank: 71
Player: Lavert Hill
Rank: 72
Player: Lucas Niang
Rank: 73
Player: Julian Okwara
Rank: 74
Player: Hakeem Adeniji
Rank: 75
Player: Kenneth Murray
Rank: 76
Player: Kevin Jarvis
Rank: 77
Player: Michael Pinckney
Rank: 78
Player: Marlon Davidson
Rank: 79
Player: K.J. Costello
Rank: 80
Player: Jalen Hurts
Rank: 81
Player: Sam Ehlinger
Rank: 82
Player: Neville Gallimore
Rank: 83
Player: Saahdiq Charles
Rank: 84
Player: Brycen Hopkins
Rank: 85
Player: Sean Pollard
Rank: 86
Player: Dontavious Jackson
Rank: 87
Player: DeVonta Smith
Rank: 88
Player: Michael Divinity Jr.
Rank: 89
Player: Anthony Hines
Rank: 90
Player: Eno Benjamin
Rank: 91
Player: Darnay Holmes
Rank: 92
Player: Anthony McFarland Jr.
Rank: 93
Player: Colby Parkinson
Rank: 94
Player: Antoine Winfield Jr.
Rank: 95
Player: K'Lavon Chaisson
Rank: 96
Player: Najee Harris
Rank: 97
Player: Matt Bushman
Rank: 98
Player: Mustafa Johnson
Rank: 99
Player: Shyheim Carter
Rank: 100
Player: Jordan Love
Rank: Rank
Player: Prospect
Rank: 101
Player: Darrion Daniels
Rank: 102
Player: Tuf Borland
Rank: 103
Player: Logan Stenberg
Rank: 104
Player: Joe Bachie
Rank: 105
Player: Donovan Peoples-Jones
Rank: 106
Player: Marvin Wilson
Rank: 107
Player: Liam Eichenberg
Rank: 108
Player: Willie Gay Jr.
Rank: 109
Player: Jeffrey McCulloch
Rank: 110
Player: T.J. McCoy
Rank: 111
Player: Darrell Taylor
Rank: 112
Player: Chase Claypool
Rank: 113
Player: Khaleke Hudson
Rank: 114
Player: Glen Logan
Rank: 115
Player: K.J. Hamler
Rank: 116
Player: Jonathon Cooper
Rank: 117
Player: J.R. Reed
Rank: 118
Player: Mike Hampton
Rank: 119
Player: Evan Weaver
Rank: 120
Player: Kylin Hill
Rank: 121
Player: Tarik Black
Rank: 122
Player: Akeem Davis- Gaither
Rank: 123
Player: Khalid Kareem
Rank: 124
Player: Jabari Zuniga
Rank: 125
Player: Chase Lucas
Rank: 126
Player: Carter Coughlin
Rank: 127
Player: Shea Patterson
Rank: 128
Player: Paddy Fisher
Rank: 129
Player: Zack Moss
Rank: 130
Player: Mitchell Wilcox
Rank: 131
Player: Trey Smith
Rank: 132
Player: Keandre Jones
Rank: 133
Player: Mekhi Becton
Rank: 134
Player: Brian Lewerke
Rank: 135
Player: Hamsah Nasirildeen
Rank: 136
Player: Erroll Thompson
Rank: 137
Player: Damien Lewis
Rank: 138
Player: Josh Kaindoh
Rank: 139
Player: Benito Jones
Rank: 140
Player: Paulson Adedo
Rank: 141
Player: Shane Lemieux
Rank: 142
Player: Ke'Shawn Vaughn
Rank: 143
Player: Nate Stanley
Rank: 144
Player: T.J. Carter
Rank: 145
Player: McTelvin Agim
Rank: 146
Player: Tyler Johnson
Rank: 147
Player: A.J. Dillon
Rank: 148
Player: Jonathan Garvin
Rank: 149
Player: Alton Robinson
Rank: 150
Player: Zack Shackelford
Rank: 151
Player: Damon Arnette
Rank: 152
Player: Cam Brown
Rank: 153
Player: Trevon Hill
Rank: 154
Player: Robert Windsor
Rank: 155
Player: Luke Campbell
Rank: 156
Player: Jace Whittaker
Rank: 157
Player: Jared Pinkney
Rank: 158
Player: Justin Jefferson
Rank: 159
Player: Scott Frantz
Rank: 160
Player: Corey Bethley
Rank: 161
Player: Eric Lee Jr.
Rank: 162
Player: Scottie Phillips
Rank: 163
Player: Krys Barnes
Rank: 164
Player: Myles Dorn
Rank: 165
Player: Benny LeMay
Rank: 166
Player: Richard Moore
Rank: 167
Player: Christian Rector
Rank: 168
Player: Lorenzo Neal
Rank: 169
Player: Bryan Edwards
Rank: 170
Player: Levonta Taylor
Rank: 171
Player: Darrynton Evans
Rank: 172
Player: Marcelino Ball
Rank: 173
Player: Jared Rice
Rank: 174
Player: Anthony Gordon
Rank: 175
Player: Jake Hanson
Rank: 176
Player: Jordan Mack
Rank: 177
Player: Joe Gaziano
Rank: 178
Player: Frederick Mauigoa
Rank: 179
Player: Mohamed Barry
Rank: 180
Player: A.J. Green
Rank: 181
Player: Khalil Davis
Rank: 182
Player: Rayshard Ashby
Rank: 183
Player: Kalija Lipscomb
Rank: 184
Player: Jonathan Greenard
Rank: 185
Player: Josiah Deguara
Rank: 186
Player: Julian Rochester
Rank: 187
Player: Jordan Elliott
Rank: 188
Player: Ben Cleveland
Rank: 189
Player: Marlon Tuipulotu
Rank: 190
Player: Trystan Colon-Castillo
Rank: 191
Player: Trey Sermon
Rank: 192
Player: Tra Minter
Rank: 193
Player: Kyle Dugger
Rank: 194
Player: Josh Uche
Rank: 195
Player: Pete Werner
Rank: 196
Player: Isaiahh Loudermilk
Rank: 197
Player: Patrick Johnson
Rank: 198
Player: Greg Eiland
Rank: 199
Player: Chauncey Rivers
Rank: 200
Player: Jon Runyan
Rank: Rank
Player: Prospect
Rank: 201
Player: Jake Bentley
Rank: 202
Player: DeMarkus Acy
Rank: 203
Player: Michael Warren II
Rank: 204
Player: David Dowell
Rank: 205
Player: Britain Covey
Rank: 206
Player: Hunter Bryant
Rank: 207
Player: Thayer Munford
Rank: 208
Player: Ty Chandler
Rank: 209
Player: Antonio Gandy-Golden
Rank: 210
Player: Raequan Williams
Rank: 211
Player: Nyles Pinckney
Rank: 212
Player: Zach Robertson
Rank: 213
Player: Lamical Perine
Rank: 214
Player: Jaquarius Landrews
Rank: 215
Player: T.J. Brunson
Rank: 216
Player: James Gilbert
Rank: 217
Player: Leki Fotu
Rank: 218
Player: Essang Bassey
Rank: 219
Player: Michael Pittman Jr.
Rank: 220
Player: Kellen Mond
Rank: 221
Player: Cameron Dantzler
Rank: 222
Player: Patrick Queen
Rank: 223
Player: Bobby Roundtree
Rank: 224
Player: Jonah Jackson
Rank: 225
Player: Aaron Fuller
Rank: 226
Player: Daelin Hayes
Rank: 227
Player: Jack Freudenthal
Rank: 228
Player: John Simpson
Rank: 229
Player: Cale Garrett
Rank: 230
Player: Dominik Eberle
Rank: 231
Player: Jordon Scott
Rank: 232
Player: Levi Onwuzurike
Rank: 233
Player: Matt Hennessy
Rank: 234
Player: Josh Metellus
Rank: 235
Player: Tyler Higby
Rank: 236
Player: Braden Mann
Rank: 237
Player: Kamal Martin
Rank: 238
Player: Charles Williams
Rank: 239
Player: Davion Taylor
Rank: 240
Player: Marcel Spears Jr.
Rank: 241
Player: Markus Bailey
Rank: 242
Player: Keith Ismael
Rank: 243
Player: Kary Vincent Jr.
Rank: 244
Player: David Reese II
Rank: 245
Player: Tyler Clark
Rank: 246
Player: Colin Schooler
Rank: 247
Player: Tavien Feaster
Rank: 248
Player: Jack Anderson
Rank: 249
Player: Tedarrell Slaton
Rank: 250
Player: Kylan Wilborn
Rank: 251
Player: Tyler Coyle
Rank: 252
Player: Salvon Ahmed
Rank: 253
Player: Logan Wilson
Rank: 254
Player: Marvin Kinsey Jr.
Rank: 255
Player: Jason Strowbridge
Rank: 256
Player: Jordan Williams
Rank: 257
Player: Denzel Mims
Rank: 258
Player: Dante Olson
Rank: 259
Player: Marquez Callaway
Rank: 260
Player: Jalen Elliott
Rank: 261
Player: James Wiggins
Rank: 262
Player: J.J. Taylor
Rank: 263
Player: Tamorrion Terry
Rank: 264
Player: Devin Duvernay
Rank: 265
Player: Malcolm Roach
Rank: 266
Player: Theo Howard
Rank: 267
Player: Kyahva Tezino
Rank: 268
Player: Rico Bussey Jr.
Rank: 269
Player: Thomas Graham Jr.
Rank: 270
Player: Ahmad Wagner
Rank: 271
Player: Scott Lashley
Rank: 272
Player: Shaun Wade
Rank: 273
Player: Oluwole Betiku
Rank: 274
Player: Leo Lewis
Rank: 275
Player: Bravvion Roy
Rank: 276
Player: Rashad Weaver
Rank: 277
Player: Noah Togiai
Rank: 278
Player: Keisean Lucier-South
Rank: 279
Player: Mason Fine
Rank: 280
Player: Connor Slomka
Rank: 281
Player: Khalil Brooks
Rank: 282
Player: Larell Murchison
Rank: 283
Player: Daniel Bituli
Rank: 284
Player: Jeff Gladney
Rank: 285
Player: De'Jon Harris
Rank: 286
Player: Moe Neal
Rank: 287
Player: Cesar Ruiz
Rank: 288
Player: Doug Costin
Rank: 289
Player: Josiah Scott
Rank: 290
Player: Jake Verity
Rank: 291
Player: Tommy Townsend
Rank: 292
Player: Jordan Fuller
Rank: 293
Player: Jet Toner
Rank: 294
Player: Isaiah Zuber
Rank: 295
Player: Robert Landers
Rank: 296
Player: Juwan Johnson
Rank: 297
Player: Sage Lewis
Rank: 298
Player: Jahad Woods
Rank: 299
Player: Van Jefferson
Rank: 300
Player: Kendall Coleman
Rank: Rank
Player: Prospect
Rank: 301
Player: Malik Herring
Rank: 302
Player: Breiden Fehoko
Rank: 303
Player: Harrison Bryant
Rank: 304
Player: Tre'Vour Wallace-Simms
Rank: 305
Player: Troy Pride Jr.
Rank: 306
Player: Bradlee Anae
Rank: 307
Player: Qaadir Sheppard
Rank: 308
Player: Levante Bellamy
Rank: 309
Player: Kiel Pollard
Rank: 310
Player: Reggie Walker
Rank: 311
Player: Julian Blackmon
Rank: 312
Player: Rashad Robinson
Rank: 313
Player: Brendon Hayes
Rank: 314
Player: Josiah Coatney
Rank: 315
Player: Charles Snowden
Rank: 316
Player: Baron Browning
Rank: 317
Player: Quincy Roche
Rank: 318
Player: Sean McKeon
Rank: 319
Player: Colton Jackson
Rank: 320
Player: Monty Rice
Rank: 321
Player: John Penisini
Rank: 322
Player: Jay Tufele
Rank: 323
Player: Rodrigo Blankenship
Rank: 324
Player: Bryan London II
Rank: 325
Player: Drew Richmond
Rank: 326
Player: Raymond Calais
Rank: 327
Player: Mykal Walker
Rank: 328
Player: Trevis Gipson
Rank: 329
Player: John Hightower
Rank: 330
Player: Carlos Davis
Rank: 331
Player: Dicaprio Bootle
Rank: 332
Player: Kenny Robinson Jr.
Rank: 333
Player: Cedric Byrd II
Rank: 334
Player: Blake Gallagher
Rank: 335
Player: Larry Rountree III
Rank: 336
Player: Mark Gilbert
Rank: 337
Player: James Proche
Rank: 338
Player: Tyler Shelvin
Rank: 339
Player: Rodney Smith
Rank: 340
Player: Justin Strnad
Rank: 341
Player: Joshua Ross
Rank: 342
Player: Johnathon Johnson
Rank: 343
Player: Phidarian Mathis
Rank: 344
Player: Dane Jackson
Rank: 345
Player: Caleb Kelly
Rank: 346
Player: Brandon Wright
Rank: 347
Player: Antoine Brooks Jr.
Rank: 348
Player: Jabril Cox
Rank: 349
Player: Kenny Cooper
Rank: 350
Player: Broderick Washington Jr.
Rank: 351
Player: Austin Mack
Rank: 352
Player: Damonte Coxie
Rank: 353
Player: Roy Lopez
Rank: 354
Player: Myles Bryant
Rank: 355
Player: Steven Gonzalez
Rank: 356
Player: Mike Panasiuk
Rank: 357
Player: Adam McLean
Rank: 358
Player: Nate Evans
Rank: 359
Player: Keith Taylor
Rank: 360
Player: JaQuan Bailey
Rank: 361
Player: Lamar Jackson
Rank: 362
Player: Tra Barnett
Rank: 363
Player: Bryce Huff
Rank: 364
Player: Cohl Cabral
Rank: 365
Player: Grant Calcaterra
Rank: 366
Player: Christian Albright
Rank: 367
Player: Marco Wilson
Rank: 368
Player: George Lea
Rank: 369
Player: Jan Johnson
Rank: 370
Player: Alex Highsmith
Rank: 371
Player: Jordyn Brooks
Rank: 372
Player: Brenton Nelson
Rank: 373
Player: Michael Ojemudia
Rank: 374
Player: B.J. Smith
Rank: 375
Player: Marquez Stevenson
Rank: 376
Player: Cooper Rothe
Rank: 377
Player: Cheyenne O'Grady
Rank: 378
Player: Justin Herron
Rank: 379
Player: Blake Brandel
Rank: 380
Player: Ben Petrula
Rank: 381
Player: Dalton Keene
Rank: 382
Player: Patrick Taylor Jr.
Rank: 383
Player: William Bradley-King
Rank: 384
Player: Clay Johnston
Rank: 385
Player: Joseph Charlton
Rank: 386
Player: Bimjimen Victor
Rank: 387
Player: Damon Hazelton
Rank: 388
Player: Nigel Warrior
Rank: 389
Player: Nevelle Clarke
Rank: 390
Player: Ray Lima
Rank: 391
Player: Tremayne Anchrum
Rank: 392
Player: Isaiah Chambers
Rank: 393
Player: Aaron Blackwell
Rank: 394
Player: K.J. Britt
Rank: 395
Player: Greg Eisworth
Rank: 396
Player: Asmar Bilal
Rank: 397
Player: Jalen Price
Rank: 398
Player: Spencer Brown
Rank: 399
Player: Marcus Keyes
Rank: 400
Player: Tyrie Cleveland
